{"room_id":"1","user_id":"2","user_name":"leela","message":"hi"}
{"room_id":"1","user_id":"2","user_name":"leela","message":"hiii"}
{"room_id":"1","user_id":"2","user_name":"leela","message":"uii"}
{"room_id":"1","user_id":"2","user_name":"leela","message":"hii"}
{"room_id":"1","user_id":"3","user_name":"leela","message":"hi"}
{"room_id":"1","user_id":"2","user_name":"leela","message":"hii"}
{"room_id":"1","user_id":"2","user_name":"leela","message":"hii"}
{"room_id":"1","user_id":"2","user_name":"leela","message":"hello"}
{"room_id":"1","user_id":"2","user_name":"leela","message":"hii"}
{"room_id":"1","user_id":"2","user_name":"leela","message":"hiii"}
{"room_id":"1","user_id":"2","user_name":"leela","message":"hii"}
{"room_id":"1","user_id":"2","user_name":"leela","message":"hii"}
{"room_id":"1","user_id":"3","user_name":"leela","message":"bi"}
{"room_id":"1","user_id":"2","user_name":"leela","message":"hi"}
{"room_id":"1","user_id":"2","user_name":"leela","message":"hello"}
{"room_id":"1","user_id":"3","user_name":"leela","message":"heyyy"}
{"room_id":"1","user_id":"2","user_name":"leela","message":"hii"}
{"room_id":"1","user_id":"2","user_name":"leela","message":"hi"}
{"room_id":"1","user_id":"3","user_name":"leela","message":"hii"}
{"room_id":"1","user_id":"2","user_name":"leela","message":"hii"}
{"room_id":"1","user_id":"3","user_name":"leela","message":"hi"}
{"room_id":"1","user_id":"2","user_name":"leela","message":"hii"}
{"room_id":"1","user_id":"3","user_name":"leela","message":"ng "}
{"room_id":"1","user_id":"10","user_name":"Leela","message":"Hello from postman"}
{"room_id":"3","user_id":"2","user_name":"leela","message":"hi"}
{"room_id":"1","user_id":"10","user_name":"Leela","message":"Hello from postman"}
{"room_id":"1","user_id":"2","user_name":"leela","message":"hii"}
{"room_id":"1","user_id":"2","user_name":"leela","message":"bye"}
{"room_id":"1","user_id":"10","user_name":"Leela","message":"Hello from postman"}
{"room_id":"1","user_id":"2","user_name":"leela","message":"hii"}
{"room_id":"1","user_id":"3","user_name":"leela","message":"hii"}
{"room_id":"3","user_id":"2","user_name":"leela","message":"all must complete the task within deadline "}
{"room_id":"3","user_id":"5","user_name":"leelaprasad","message":"ok sir "}
{"room_id":"1","user_id":"2","user_name":"leela","message":"hii "}
{"room_id":"1","user_id":"3","user_name":"leela","message":"heyy hii"}
{"room_id":"7","user_id":"9","user_name":"Leelaprasad ","message":"hello "}
{"room_id":"6","user_id":"10","user_name":"sandeep ","message":"hii"}
{"room_id":"24","user_id":"13","user_name":"leela","message":"hi"}
{"room_id":"1","user_id":"2","user_name":"sandeep","message":"hello"}
{"room_id":"3","user_id":"1","user_name":"leelaprasad","message":"hi"}
{"room_id":"7","user_id":"1","user_name":"leelaprasad","message":"hi"}
